#
# There is insufficient memory for the Java Runtime Environment to continue.
# Native memory allocation (mmap) failed to map 264241152 bytes. Error detail: G1 virtual space
# Possible reasons:
#   The system is out of physical RAM or swap space
#   This process is running with CompressedOops enabled, and the Java Heap may be blocking the growth of the native heap
# Possible solutions:
#   Reduce memory load on the system
#   Increase physical memory or swap space
#   Check if swap backing store is full
#   Decrease Java heap size (-Xmx/-Xms)
#   Decrease number of Java threads
#   Decrease Java thread stack sizes (-Xss)
#   Set larger code cache with -XX:ReservedCodeCacheSize=
#   JVM is running with Zero Based Compressed Oops mode in which the Java heap is
#     placed in the first 32GB address space. The Java Heap base address is the
#     maximum limit for the native heap growth. Please use -XX:HeapBaseMinAddress
#     to set the Java Heap base and to place the Java Heap above 32GB virtual address.
# This output file may be truncated or incomplete.
#
#  Out of Memory Error (os_windows.cpp:3825), pid=16180, tid=23968
#
# JRE version:  (17.0.11) (build )
# Java VM: OpenJDK 64-Bit Server VM (17.0.11+0--11852314, mixed mode, sharing, tiered, compressed oops, compressed class ptrs, g1 gc, windows-amd64)
# No core dump will be written. Minidumps are not enabled by default on client versions of Windows
#

---------------  S U M M A R Y ------------

Command Line: 

Host: 11th Gen Intel(R) Core(TM) i5-1135G7 @ 2.40GHz, 8 cores, 15G,  Windows 10 , 64 bit Build 19041 (10.0.19041.5072)
Time: Wed Dec 11 14:08:44 2024  Windows 10 , 64 bit Build 19041 (10.0.19041.5072) elapsed time: 0.565699 seconds (0d 0h 0m 0s)

---------------  T H R E A D  ---------------

Current thread (0x000001d610c634a0):  JavaThread "Unknown thread" [_thread_in_vm, id=23968, stack(0x0000004c9c800000,0x0000004c9c900000)]

Stack: [0x0000004c9c800000,0x0000004c9c900000]
Native frames: (J=compiled Java code, j=interpreted, Vv=VM code, C=native code)
V  [jvm.dll+0x687bb9]
V  [jvm.dll+0x84142a]
V  [jvm.dll+0x8430ae]
V  [jvm.dll+0x843713]
V  [jvm.dll+0x24a35f]
V  [jvm.dll+0x684989]
V  [jvm.dll+0x67923a]
V  [jvm.dll+0x30af0b]
V  [jvm.dll+0x3123b6]
V  [jvm.dll+0x361dfe]
V  [jvm.dll+0x36202f]
V  [jvm.dll+0x2e0d38]
V  [jvm.dll+0x2e1ca4]
V  [jvm.dll+0x811f21]
V  [jvm.dll+0x36fb68]
V  [jvm.dll+0x7f0896]
V  [jvm.dll+0x3f3d2f]
V  [jvm.dll+0x3f58e1]
C  [jli.dll+0x528f]
C  [ucrtbase.dll+0x21bb2]
C  [KERNEL32.DLL+0x17374]
C  [ntdll.dll+0x4cc91]


---------------  P R O C E S S  ---------------

Threads class SMR info:
_java_thread_list=0x00007ffef12eefd8, length=0, elements={
}

Java Threads: ( => current thread )

Other Threads:
  0x000001d610cca500 GCTaskThread "GC Thread#0" [stack: 0x0000004c9c900000,0x0000004c9ca00000] [id=14132]
  0x000001d610cdaf50 ConcurrentGCThread "G1 Main Marker" [stack: 0x0000004c9ca00000,0x0000004c9cb00000] [id=24724]
  0x000001d610cdc110 ConcurrentGCThread "G1 Conc#0" [stack: 0x0000004c9cb00000,0x0000004c9cc00000] [id=22588]

[error occurred during error reporting (printing all threads), id 0xc0000005, EXCEPTION_ACCESS_VIOLATION (0xc0000005) at pc=0x00007ffef0aa1907]

VM state: not at safepoint (not fully initialized)

VM Mutex/Monitor currently owned by a thread:  ([mutex/lock_event])
[0x000001d610c5ed50] Heap_lock - owner thread: 0x000001d610c634a0

Heap address: 0x0000000705000000, size: 4016 MB, Compressed Oops mode: Zero based, Oop shift amount: 3

CDS archive(s) mapped at: [0x0000000000000000-0x0000000000000000-0x0000000000000000), size 0, SharedBaseAddress: 0x0000000800000000, ArchiveRelocationMode: 1.
Narrow klass base: 0x0000000000000000, Narrow klass shift: 0, Narrow klass range: 0x0

GC Precious Log:
<Empty>

Heap:
 garbage-first heap   total 0K, used 0K [0x0000000705000000, 0x0000000800000000)
  region size 2048K, 0 young (0K), 0 survivors (0K)
 Metaspace       used 0K, committed 0K, reserved 0K
  class space    used 0K, committed 0K, reserved 0K

Heap Regions: E=young(eden), S=young(survivor), O=old, HS=humongous(starts), HC=humongous(continues), CS=collection set, F=free, OA=open archive, CA=closed archive, TAMS=top-at-mark-start (previous, next)

Card table byte_map: [0x000001d623c50000,0x000001d624430000] _byte_map_base: 0x000001d620428000

Marking Bits (Prev, Next): (CMBitMap*) 0x000001d610ccab20, (CMBitMap*) 0x000001d610ccab60
 Prev Bits: [0x000001d624c10000, 0x000001d628ad0000)
 Next Bits: [0x000001d628ad0000, 0x000001d62c990000)

GC Heap History (0 events):
No events

Dll operation events (1 events):
Event: 0.093 Loaded shared library C:\Program Files\Android\Android Studio\jbr\bin\java.dll

Deoptimization events (0 events):
No events

Classes unloaded (0 events):
No events

Classes redefined (0 events):
No events

Internal exceptions (0 events):
No events

VM Operations (0 events):
No events

Events (0 events):
No events


Dynamic libraries:
0x00007ff7caf30000 - 0x00007ff7caf3a000 	C:\Program Files\Android\Android Studio\jbr\bin\java.EXE
0x00007fff712d0000 - 0x00007fff714c8000 	C:\WINDOWS\SYSTEM32\ntdll.dll
0x00007fff702a0000 - 0x00007fff70362000 	C:\WINDOWS\System32\KERNEL32.DLL
0x00007fff6eff0000 - 0x00007fff6f2ee000 	C:\WINDOWS\System32\KERNELBASE.dll
0x00007fff6ed00000 - 0x00007fff6ee00000 	C:\WINDOWS\System32\ucrtbase.dll
0x00007fff633e0000 - 0x00007fff633fb000 	C:\Program Files\Android\Android Studio\jbr\bin\VCRUNTIME140.dll
0x00007fff50920000 - 0x00007fff50937000 	C:\Program Files\Android\Android Studio\jbr\bin\jli.dll
0x00007fff6f7b0000 - 0x00007fff6f94d000 	C:\WINDOWS\System32\USER32.dll
0x00007fff6ea20000 - 0x00007fff6ea42000 	C:\WINDOWS\System32\win32u.dll
0x00007fff6fe20000 - 0x00007fff6fe4b000 	C:\WINDOWS\System32\GDI32.dll
0x00007fff6ebe0000 - 0x00007fff6ecf7000 	C:\WINDOWS\System32\gdi32full.dll
0x00007fff6ee70000 - 0x00007fff6ef0d000 	C:\WINDOWS\System32\msvcp_win.dll
0x00007fff6de20000 - 0x00007fff6e0ba000 	C:\WINDOWS\WinSxS\amd64_microsoft.windows.common-controls_6595b64144ccf1df_6.0.19041.4355_none_60b8b9eb71f62e16\COMCTL32.dll
0x00007fff6f6e0000 - 0x00007fff6f77e000 	C:\WINDOWS\System32\msvcrt.dll
0x00007fff6f780000 - 0x00007fff6f7af000 	C:\WINDOWS\System32\IMM32.DLL
0x00007fff4b3d0000 - 0x00007fff4b3dc000 	C:\Program Files\Android\Android Studio\jbr\bin\vcruntime140_1.dll
0x00007fff0f160000 - 0x00007fff0f1ed000 	C:\Program Files\Android\Android Studio\jbr\bin\msvcp140.dll
0x00007ffef07b0000 - 0x00007ffef1433000 	C:\Program Files\Android\Android Studio\jbr\bin\server\jvm.dll
0x00007fff701e0000 - 0x00007fff70291000 	C:\WINDOWS\System32\ADVAPI32.dll
0x00007fff6ff90000 - 0x00007fff7002f000 	C:\WINDOWS\System32\sechost.dll
0x00007fff6fe60000 - 0x00007fff6ff83000 	C:\WINDOWS\System32\RPCRT4.dll
0x00007fff6ea50000 - 0x00007fff6ea77000 	C:\WINDOWS\System32\bcrypt.dll
0x00007fff524d0000 - 0x00007fff524d9000 	C:\WINDOWS\SYSTEM32\WSOCK32.dll
0x00007fff70170000 - 0x00007fff701db000 	C:\WINDOWS\System32\WS2_32.dll
0x00007fff6c360000 - 0x00007fff6c36a000 	C:\WINDOWS\SYSTEM32\VERSION.dll
0x00007fff6e560000 - 0x00007fff6e5ab000 	C:\WINDOWS\SYSTEM32\POWRPROF.dll
0x00007fff56560000 - 0x00007fff56587000 	C:\WINDOWS\SYSTEM32\WINMM.dll
0x00007fff6e0e0000 - 0x00007fff6e0f2000 	C:\WINDOWS\SYSTEM32\UMPDC.dll
0x00007fff6c380000 - 0x00007fff6c392000 	C:\WINDOWS\SYSTEM32\kernel.appcore.dll
0x00007fff37740000 - 0x00007fff3774a000 	C:\Program Files\Android\Android Studio\jbr\bin\jimage.dll
0x00007fff6e2f0000 - 0x00007fff6e4d4000 	C:\WINDOWS\SYSTEM32\DBGHELP.DLL
0x00007fff6e2b0000 - 0x00007fff6e2e4000 	C:\WINDOWS\SYSTEM32\dbgcore.DLL
0x00007fff6ef10000 - 0x00007fff6ef92000 	C:\WINDOWS\System32\bcryptPrimitives.dll
0x00007fff37710000 - 0x00007fff37735000 	C:\Program Files\Android\Android Studio\jbr\bin\java.dll

dbghelp: loaded successfully - version: 4.0.5 - missing functions: none
symbol engine: initialized successfully - sym options: 0x614 - pdb path: .;C:\Program Files\Android\Android Studio\jbr\bin;C:\WINDOWS\SYSTEM32;C:\WINDOWS\WinSxS\amd64_microsoft.windows.common-controls_6595b64144ccf1df_6.0.19041.4355_none_60b8b9eb71f62e16;C:\Program Files\Android\Android Studio\jbr\bin\server

VM Arguments:
java_command: <unknown>
java_class_path (initial): <not set>
Launcher Type: SUN_STANDARD

[Global flags]
     intx CICompilerCount                          = 4                                         {product} {ergonomic}
     uint ConcGCThreads                            = 2                                         {product} {ergonomic}
     uint G1ConcRefinementThreads                  = 8                                         {product} {ergonomic}
   size_t G1HeapRegionSize                         = 2097152                                   {product} {ergonomic}
    uintx GCDrainStackTargetSize                   = 64                                        {product} {ergonomic}
   size_t InitialHeapSize                          = 264241152                                 {product} {ergonomic}
   size_t MarkStackSize                            = 4194304                                   {product} {ergonomic}
   size_t MaxHeapSize                              = 4211081216                                {product} {ergonomic}
   size_t MinHeapDeltaBytes                        = 2097152                                   {product} {ergonomic}
   size_t MinHeapSize                              = 8388608                                   {product} {ergonomic}
    uintx NonNMethodCodeHeapSize                   = 5839372                                {pd product} {ergonomic}
    uintx NonProfiledCodeHeapSize                  = 122909434                              {pd product} {ergonomic}
    uintx ProfiledCodeHeapSize                     = 122909434                              {pd product} {ergonomic}
    uintx ReservedCodeCacheSize                    = 251658240                              {pd product} {ergonomic}
     bool SegmentedCodeCache                       = true                                      {product} {ergonomic}
   size_t SoftMaxHeapSize                          = 4211081216                             {manageable} {ergonomic}
     bool UseCompressedClassPointers               = true                           {product lp64_product} {ergonomic}
     bool UseCompressedOops                        = true                           {product lp64_product} {ergonomic}
     bool UseG1GC                                  = true                                      {product} {ergonomic}
     bool UseLargePagesIndividualAllocation        = false                                  {pd product} {ergonomic}

Logging:
Log output configuration:
 #0: stdout all=warning uptime,level,tags
 #1: stderr all=off uptime,level,tags

Environment Variables:
JAVA_HOME=C:\Program Files\Java\jdk-21
PATH=C:\Program Files\Common Files\Oracle\Java\javapath;C:\Program Files (x86)\Common Files\Oracle\Java\java8path;C:\Program Files (x86)\Common Files\Oracle\Java\javapath;C:\Python312\Scripts\;C:\Python312\;C:\WINDOWS\system32;C:\WINDOWS;C:\WINDOWS\System32\Wbem;C:\WINDOWS\System32\WindowsPowerShell\v1.0\;C:\WINDOWS\System32\OpenSSH\;C:\Users\user\AppData\Local\Temp\DLP;C:\Program Files\Bandizip\;C:\AutoSet10\Server\conf\;C:\AutoSet10\Server\bin\;C:\Program Files\Java\jdk-21\bin;C:\Program Files\dotnet\;C:\Program Files\Microsoft SQL Server\150\Tools\Binn\;C:\Program Files\nodejs\;C:\ProgramData\chocolatey\bin;C:\Program Files\Git\cmd;C:\Users\user\AppData\Local\Microsoft\WindowsApps;C:\Users\user\AppData\Local\Programs\Microsoft VS Code\bin;C:\Users\user\.dotnet\tools;C:\Users\user\AppData\Local\GitHubDesktop\bin;C:\Users\user\AppData\Roaming\npm;C:\Gomas\Flutter\flutter\bin
USERNAME=user
OS=Windows_NT
PROCESSOR_IDENTIFIER=Intel64 Family 6 Model 140 Stepping 1, GenuineIntel
TMP=C:\Users\user\AppData\Local\Temp
TEMP=C:\Users\user\AppData\Local\Temp



Periodic native trim disabled

JNI global refs:
JNI global refs: 0, weak refs: 0

JNI global refs memory usage: 0, weak refs: 0

Process memory usage:
Resident Set Size: 10996K (0% of 16442888K total physical memory with 336372K free physical memory)

OOME stack traces (most recent first):
Classloader memory used:


---------------  S Y S T E M  ---------------

OS:
 Windows 10 , 64 bit Build 19041 (10.0.19041.5072)
OS uptime: 0 days 2:56 hours

CPU: total 8 (initial active 8) (4 cores per cpu, 2 threads per core) family 6 model 140 stepping 1 microcode 0xb4, cx8, cmov, fxsr, ht, mmx, 3dnowpref, sse, sse2, sse3, ssse3, sse4.1, sse4.2, popcnt, lzcnt, tsc, tscinvbit, avx, avx2, aes, erms, clmul, bmi1, bmi2, adx, avx512f, avx512dq, avx512cd, avx512bw, avx512vl, sha, fma, vzeroupper, avx512_vpopcntdq, avx512_vpclmulqdq, avx512_vaes, avx512_vnni, clflush, clflushopt, clwb, avx512_vbmi2, avx512_vbmi
Processor Information for all 8 processors :
  Max Mhz: 2419, Current Mhz: 2419, Mhz Limit: 2419

Memory: 4k page, system-wide physical 16057M (328M free)
TotalPageFile size 46495M (AvailPageFile size 187M)
current process WorkingSet (physical memory assigned to process): 10M, peak: 10M
current process commit charge ("private bytes"): 60M, peak: 312M

vm_info: OpenJDK 64-Bit Server VM (17.0.11+0--11852314) for windows-amd64 JRE (17.0.11+0--11852314), built on May 16 2024 21:29:20 by "androidbuild" with MS VC++ 16.10 / 16.11 (VS2019)

END.
